2022-07-13T06:39:34.400849Z  INFO ThreadId(01) using default configuration from '/Users/kukoo/.hermes/config.toml'
2022-07-13T06:39:34.402275Z  INFO ThreadId(01) telemetry service running, exposing metrics at http://0.0.0.0:3001/metrics
2022-07-13T06:39:34.402846Z  INFO ThreadId(01) starting REST API server listening at http://127.0.0.1:3000
2022-07-13T06:39:34.412533Z  INFO ThreadId(01) [provider-chain] chain is healthy
2022-07-13T06:39:34.414176Z  WARN ThreadId(36) Health checkup for chain 'consumer-chain' failed
2022-07-13T06:39:34.414197Z  WARN ThreadId(36)     Reason: gRPC call failed with status: status: Unimplemented, message: "unknown service cosmos.staking.v1beta1.Query", details: [], metadata: MetadataMap { headers: {"content-type": "application/grpc"} }
2022-07-13T06:39:34.414204Z  WARN ThreadId(36)     Some Hermes features may not work in this mode!
2022-07-13T06:39:34.414214Z  WARN ThreadId(01) [consumer-chain] chain is unhealthy: gRPC call failed with status: status: Unimplemented, message: "unknown service cosmos.staking.v1beta1.Query", details: [], metadata: MetadataMap { headers: {"content-type": "application/grpc"} }
2022-07-13T06:39:34.414573Z  INFO ThreadId(01) scan.chain{chain=provider-chain}: scanning chain...
2022-07-13T06:39:34.414583Z  INFO ThreadId(01) scan.chain{chain=provider-chain}: scanning chain for all clients, connections and channels
2022-07-13T06:39:34.414588Z  INFO ThreadId(01) scan.chain{chain=provider-chain}: scanning all clients...
2022-07-13T06:39:34.415678Z  INFO ThreadId(01) scan.chain{chain=provider-chain}:scan.client{client=07-tendermint-0}: scanning client...
2022-07-13T06:39:34.417473Z  INFO ThreadId(01) scan.chain{chain=provider-chain}:scan.client{client=07-tendermint-0}:scan.connection{connection=connection-0}: scanning connection...
2022-07-13T06:39:34.421257Z  INFO ThreadId(01) scan.chain{chain=consumer-chain}: scanning chain...
2022-07-13T06:39:34.421281Z  INFO ThreadId(01) scan.chain{chain=consumer-chain}: scanning chain for all clients, connections and channels
2022-07-13T06:39:34.421287Z  INFO ThreadId(01) scan.chain{chain=consumer-chain}: scanning all clients...
2022-07-13T06:39:34.422153Z  INFO ThreadId(01) scan.chain{chain=consumer-chain}:scan.client{client=07-tendermint-0}: scanning client...
2022-07-13T06:39:34.423033Z  INFO ThreadId(01) scan.chain{chain=consumer-chain}:scan.client{client=07-tendermint-0}:scan.connection{connection=connection-0}: scanning connection...
2022-07-13T06:39:34.427567Z  INFO ThreadId(01) Scanned chains:
2022-07-13T06:39:34.427588Z  INFO ThreadId(01) # Chain: provider-chain
  - Client: 07-tendermint-0
    * Connection: connection-0
      | State: OPEN
      | Counterparty state: OPEN
      + Channel: channel-0
        | Port: provider
        | State: OPEN
        | Counterparty: channel-0
# Chain: consumer-chain
  - Client: 07-tendermint-0
    * Connection: connection-0
      | State: OPEN
      | Counterparty state: OPEN
      + Channel: channel-0
        | Port: consumer
        | State: OPEN
        | Counterparty: channel-0
      + Channel: channel-1
        | Port: transfer
        | State: INIT
        | Counterparty: <none>

2022-07-13T06:39:34.427788Z  INFO ThreadId(01) connection connection-0 on chain provider-chain is: Open, state on dest. chain (consumer-chain) is: Open
2022-07-13T06:39:34.427799Z  INFO ThreadId(01) connection connection-0 on chain provider-chain is already open, not spawning Connection worker
2022-07-13T06:39:34.427806Z  INFO ThreadId(01) no workers were spawn for connection connection-0 on chain provider-chain
2022-07-13T06:39:34.427811Z  INFO ThreadId(01) channel channel-0 on chain provider-chain is: OPEN; state on dest. chain (consumer-chain) is: OPEN
2022-07-13T06:39:34.428809Z  INFO ThreadId(01) spawned Client worker: client::consumer-chain->provider-chain:07-tendermint-0
2022-07-13T06:39:34.431856Z  INFO ThreadId(01) done spawning workers for chain provider-chain and channel channel-0
2022-07-13T06:39:34.431877Z  INFO ThreadId(01) connection connection-0 on chain consumer-chain is: Open, state on dest. chain (provider-chain) is: Open
2022-07-13T06:39:34.431892Z  INFO ThreadId(01) connection connection-0 on chain consumer-chain is already open, not spawning Connection worker
2022-07-13T06:39:34.431897Z  INFO ThreadId(01) no workers were spawn for connection connection-0 on chain consumer-chain
2022-07-13T06:39:34.431900Z  INFO ThreadId(01) channel channel-0 on chain consumer-chain is: OPEN; state on dest. chain (provider-chain) is: OPEN
2022-07-13T06:39:34.432536Z  INFO ThreadId(01) spawned Client worker: client::provider-chain->consumer-chain:07-tendermint-0
2022-07-13T06:39:34.434912Z  INFO ThreadId(01) done spawning workers for chain consumer-chain and channel channel-0
2022-07-13T06:39:34.434927Z  INFO ThreadId(01) channel channel-1 on chain consumer-chain is: INIT; state on dest. chain (provider-chain) is: UNINITIALIZED
2022-07-13T06:39:34.434964Z  INFO ThreadId(01) spawned Channel worker: channel::channel-1/transfer:consumer-chain->provider-chain
2022-07-13T06:39:34.434969Z  INFO ThreadId(01) done spawning workers for chain consumer-chain and channel channel-1
2022-07-13T06:39:34.440250Z  INFO ThreadId(01) Hermes has started
2022-07-13T06:39:44.196953Z  INFO ThreadId(175) packet_cmd{src_chain=provider-chain src_port=provider src_channel=channel-0 dst_chain=consumer-chain}:relay{odata=gH-O3pS4MX ->Destination @0-31; len=1}: assembled batch of 2 message(s)
2022-07-13T06:39:44.200676Z  INFO ThreadId(36) send_tx{id=consumer-chain}: refresh: retrieved account sequence=5 number=1
2022-07-13T06:39:44.240386Z  INFO ThreadId(175) packet_cmd{src_chain=provider-chain src_port=provider src_channel=channel-0 dst_chain=consumer-chain}:relay{odata=gH-O3pS4MX ->Destination @0-31; len=1}: [Async~>consumer-chain] response(s): 1; Ok:83E52B253A204AF8ABA60CC392DEB64A69D35EF56EF5A29AB33C41DB538850EC

2022-07-13T06:39:44.240453Z  INFO ThreadId(175) packet_cmd{src_chain=provider-chain src_port=provider src_channel=channel-0 dst_chain=consumer-chain}:relay{odata=gH-O3pS4MX ->Destination @0-31; len=1}: success
2022-07-13T06:39:46.399505Z  INFO ThreadId(35) send_tx{id=provider-chain}: refresh: retrieved account sequence=5 number=9
2022-07-13T06:39:46.423959Z  INFO ThreadId(35) wait_for_block_commits: waiting for commit of tx hashes(s) 6B620DE3EEAA83BF9ED3FE41E8EE072489C689F35DC83CA730B1CB959F064B99 id=provider-chain
2022-07-13T06:39:49.686170Z  INFO ThreadId(41) worker.channel{channel=channel::channel-1/transfer:consumer-chain->provider-chain}: channel handshake step completed with events: OpenTryChannel(
    OpenTry {
        height: Height {
            revision: 0,
            height: 33,
        },
        port_id: PortId(
            "transfer",
        ),
        channel_id: Some(
            ChannelId(
                "channel-1",
            ),
        ),
        connection_id: ConnectionId(
            "connection-0",
        ),
        counterparty_port_id: PortId(
            "transfer",
        ),
        counterparty_channel_id: Some(
            ChannelId(
                "channel-1",
            ),
        ),
    },
)

2022-07-13T06:39:49.736187Z  WARN ThreadId(175) packet_cmd{src_chain=provider-chain src_port=provider src_channel=channel-0 dst_chain=consumer-chain}: ordered channel: will clear packets because this is the first run
2022-07-13T06:39:49.747921Z  INFO ThreadId(175) packet_cmd{src_chain=provider-chain src_port=provider src_channel=channel-0 dst_chain=consumer-chain}: found unprocessed SendPacket events for [Sequence(1)] (first 10 shown here; total=1)
2022-07-13T06:39:49.760133Z  WARN ThreadId(175) packet_cmd{src_chain=provider-chain src_port=provider src_channel=channel-0 dst_chain=consumer-chain}:relay{odata=PjleYB4Y_b ->Destination @0-31; len=1}: [provider-chain -> consumer-chain:07-tendermint-0] resolving trusted height from the full list of consensus state heights for target height 0-32; this may take a while
2022-07-13T06:39:49.772412Z  INFO ThreadId(175) packet_cmd{src_chain=provider-chain src_port=provider src_channel=channel-0 dst_chain=consumer-chain}:relay{odata=PjleYB4Y_b ->Destination @0-31; len=1}: assembled batch of 2 message(s)
2022-07-13T06:39:49.777284Z ERROR ThreadId(36) send_tx{id=consumer-chain}: broadcast_tx_sync: Response { code: Err(22), data: Data([]), log: Log("packet messages are redundant"), hash: transaction::Hash(FDBBF76C6CB2191782BF885EA5ABA85563B728F0BB4E2B9A275A56F071B21872) }: diagnostic: unknown SDK error: 22
2022-07-13T06:39:49.777329Z  INFO ThreadId(175) packet_cmd{src_chain=provider-chain src_port=provider src_channel=channel-0 dst_chain=consumer-chain}:relay{odata=PjleYB4Y_b ->Destination @0-31; len=1}: [Async~>consumer-chain] response(s): 1; Err(22):FDBBF76C6CB2191782BF885EA5ABA85563B728F0BB4E2B9A275A56F071B21872

2022-07-13T06:39:49.777341Z  INFO ThreadId(175) packet_cmd{src_chain=provider-chain src_port=provider src_channel=channel-0 dst_chain=consumer-chain}:relay{odata=PjleYB4Y_b ->Destination @0-31; len=1}: success
2022-07-13T06:39:59.762007Z  INFO ThreadId(36) wait_for_block_commits: waiting for commit of tx hashes(s) 99375B6E56E916867780C1EC5763BDC0F2B5B736E17C197737EEF136BA1E6EB5 id=consumer-chain
2022-07-13T06:40:02.105185Z  INFO ThreadId(231) worker.channel{channel=channel::channel-1/transfer:provider-chain->consumer-chain}: done with ChanAck step consumer-chain => OpenAckChannel(
    OpenAck {
        height: Height {
            revision: 0,
            height: 21,
        },
        port_id: PortId(
            "transfer",
        ),
        channel_id: Some(
            ChannelId(
                "channel-1",
            ),
        ),
        counterparty_channel_id: Some(
            ChannelId(
                "channel-1",
            ),
        ),
        connection_id: ConnectionId(
            "connection-0",
        ),
        counterparty_port_id: PortId(
            "transfer",
        ),
    },
)

2022-07-13T06:40:02.111379Z  INFO ThreadId(231) worker.channel{channel=channel::channel-1/transfer:provider-chain->consumer-chain}: channel handshake step completed with events: OpenAckChannel(
    OpenAck {
        height: Height {
            revision: 0,
            height: 21,
        },
        port_id: PortId(
            "transfer",
        ),
        channel_id: Some(
            ChannelId(
                "channel-1",
            ),
        ),
        counterparty_channel_id: Some(
            ChannelId(
                "channel-1",
            ),
        ),
        connection_id: ConnectionId(
            "connection-0",
        ),
        counterparty_port_id: PortId(
            "transfer",
        ),
    },
)

2022-07-13T06:40:11.872116Z  INFO ThreadId(35) wait_for_block_commits: waiting for commit of tx hashes(s) 18684132AE0224D684DFA09DDA8A01949C29334E358F236193F58F3477F50DE5 id=provider-chain
2022-07-13T06:40:15.441907Z  INFO ThreadId(41) worker.channel{channel=channel::channel-1/transfer:consumer-chain->provider-chain}: done provider-chain => OpenConfirmChannel(
    OpenConfirm {
        height: Height {
            revision: 0,
            height: 38,
        },
        port_id: PortId(
            "transfer",
        ),
        channel_id: Some(
            ChannelId(
                "channel-1",
            ),
        ),
        connection_id: ConnectionId(
            "connection-0",
        ),
        counterparty_port_id: PortId(
            "transfer",
        ),
        counterparty_channel_id: Some(
            ChannelId(
                "channel-1",
            ),
        ),
    },
)

2022-07-13T06:40:15.442463Z  INFO ThreadId(41) worker.channel{channel=channel::channel-1/transfer:consumer-chain->provider-chain}: channel handshake step completed with events: OpenConfirmChannel(
    OpenConfirm {
        height: Height {
            revision: 0,
            height: 38,
        },
        port_id: PortId(
            "transfer",
        ),
        channel_id: Some(
            ChannelId(
                "channel-1",
            ),
        ),
        connection_id: ConnectionId(
            "connection-0",
        ),
        counterparty_port_id: PortId(
            "transfer",
        ),
        counterparty_channel_id: Some(
            ChannelId(
                "channel-1",
            ),
        ),
    },
)

